<?xml version="1.0" encoding="UTF-8"?>
<coverage generated="1590032240990" clover="3.2.0">
  <project timestamp="1590032240990" name="All files">
    <metrics statements="26" coveredstatements="15" conditionals="0" coveredconditionals="0" methods="14" coveredmethods="4" elements="40" coveredelements="19" complexity="0" loc="26" ncloc="26" packages="1" files="1" classes="1"/>
    <file name="nullable.ts" path="C:\dev\ds-utils\src\nullable.ts">
      <metrics statements="26" coveredstatements="15" conditionals="0" coveredconditionals="0" methods="14" coveredmethods="4"/>
      <line num="10" count="1" type="stmt"/>
      <line num="13" count="1" type="stmt"/>
      <line num="14" count="0" type="stmt"/>
      <line num="17" count="1" type="stmt"/>
      <line num="18" count="0" type="stmt"/>
      <line num="21" count="1" type="stmt"/>
      <line num="22" count="0" type="stmt"/>
      <line num="25" count="1" type="stmt"/>
      <line num="29" count="0" type="stmt"/>
      <line num="32" count="1" type="stmt"/>
      <line num="33" count="1" type="stmt"/>
      <line num="35" count="1" type="stmt"/>
      <line num="40" count="1" type="stmt"/>
      <line num="41" count="0" type="stmt"/>
      <line num="43" count="1" type="stmt"/>
      <line num="44" count="0" type="stmt"/>
      <line num="47" count="1" type="stmt"/>
      <line num="48" count="0" type="stmt"/>
      <line num="51" count="1" type="stmt"/>
      <line num="52" count="0" type="stmt"/>
      <line num="53" count="0" type="stmt"/>
      <line num="56" count="1" type="stmt"/>
      <line num="60" count="0" type="stmt"/>
      <line num="63" count="1" type="stmt"/>
      <line num="64" count="0" type="stmt"/>
      <line num="66" count="1" type="stmt"/>
    </file>
  </project>
</coverage>
