{"C:\\dev\\ds-utils\\src\\nullable.ts": {"path":"C:\\dev\\ds-utils\\src\\nullable.ts","statementMap":{"0":{"start":{"line":10,"column":0},"end":{"line":10,"column":13}},"1":{"start":{"line":13,"column":11},"end":{"line":15,"column":null}},"2":{"start":{"line":14,"column":8},"end":{"line":14,"column":38}},"3":{"start":{"line":17,"column":11},"end":{"line":19,"column":null}},"4":{"start":{"line":18,"column":8},"end":{"line":18,"column":38}},"5":{"start":{"line":21,"column":11},"end":{"line":23,"column":null}},"6":{"start":{"line":22,"column":8},"end":{"line":22,"column":37}},"7":{"start":{"line":25,"column":11},"end":{"line":30,"column":null}},"8":{"start":{"line":29,"column":8},"end":{"line":29,"column":30}},"9":{"start":{"line":32,"column":11},"end":{"line":34,"column":null}},"10":{"start":{"line":33,"column":8},"end":{"line":33,"column":32}},"11":{"start":{"line":35,"column":0},"end":{"line":35,"column":null}},"12":{"start":{"line":10,"column":13},"end":{"line":10,"column":25}},"13":{"start":{"line":40,"column":0},"end":{"line":40,"column":13}},"14":{"start":{"line":41,"column":31},"end":{"line":41,"column":35}},"15":{"start":{"line":43,"column":11},"end":{"line":45,"column":null}},"16":{"start":{"line":44,"column":8},"end":{"line":44,"column":25}},"17":{"start":{"line":47,"column":11},"end":{"line":49,"column":null}},"18":{"start":{"line":48,"column":8},"end":{"line":48,"column":40}},"19":{"start":{"line":51,"column":11},"end":{"line":54,"column":null}},"20":{"start":{"line":52,"column":8},"end":{"line":52,"column":18}},"21":{"start":{"line":53,"column":8},"end":{"line":53,"column":37}},"22":{"start":{"line":56,"column":11},"end":{"line":61,"column":null}},"23":{"start":{"line":60,"column":8},"end":{"line":60,"column":33}},"24":{"start":{"line":63,"column":11},"end":{"line":65,"column":null}},"25":{"start":{"line":64,"column":8},"end":{"line":64,"column":38}},"26":{"start":{"line":66,"column":0},"end":{"line":66,"column":null}},"27":{"start":{"line":40,"column":13},"end":{"line":40,"column":22}}},"fnMap":{"0":{"name":"(anonymous_0)","decl":{"start":{"line":10,"column":0},"end":{"line":10,"column":13}},"loc":{"start":{"line":10,"column":0},"end":{"line":35,"column":null}}},"1":{"name":"WithoutValue","decl":{"start":{"line":11,"column":4},"end":{"line":11,"column":27}},"loc":{"start":{"line":11,"column":4},"end":{"line":11,"column":28}}},"2":{"name":"(anonymous_2)","decl":{"start":{"line":13,"column":4},"end":{"line":13,"column":11}},"loc":{"start":{"line":13,"column":46},"end":{"line":15,"column":5}}},"3":{"name":"(anonymous_3)","decl":{"start":{"line":17,"column":4},"end":{"line":17,"column":11}},"loc":{"start":{"line":17,"column":34},"end":{"line":19,"column":5}}},"4":{"name":"(anonymous_4)","decl":{"start":{"line":21,"column":4},"end":{"line":21,"column":11}},"loc":{"start":{"line":21,"column":32},"end":{"line":23,"column":5}}},"5":{"name":"(anonymous_5)","decl":{"start":{"line":25,"column":4},"end":{"line":25,"column":11}},"loc":{"start":{"line":27,"column":30},"end":{"line":30,"column":5}}},"6":{"name":"(anonymous_6)","decl":{"start":{"line":32,"column":4},"end":{"line":32,"column":11}},"loc":{"start":{"line":32,"column":4},"end":{"line":34,"column":5}}},"7":{"name":"(anonymous_7)","decl":{"start":{"line":40,"column":0},"end":{"line":40,"column":13}},"loc":{"start":{"line":40,"column":0},"end":{"line":66,"column":null}}},"8":{"name":"WithValue","decl":{"start":{"line":41,"column":4},"end":{"line":41,"column":31}},"loc":{"start":{"line":41,"column":35},"end":{"line":41,"column":40}}},"9":{"name":"(anonymous_9)","decl":{"start":{"line":43,"column":4},"end":{"line":43,"column":11}},"loc":{"start":{"line":43,"column":46},"end":{"line":45,"column":5}}},"10":{"name":"(anonymous_10)","decl":{"start":{"line":47,"column":4},"end":{"line":47,"column":11}},"loc":{"start":{"line":47,"column":34},"end":{"line":49,"column":5}}},"11":{"name":"(anonymous_11)","decl":{"start":{"line":51,"column":4},"end":{"line":51,"column":11}},"loc":{"start":{"line":51,"column":32},"end":{"line":54,"column":5}}},"12":{"name":"(anonymous_12)","decl":{"start":{"line":56,"column":4},"end":{"line":56,"column":11}},"loc":{"start":{"line":58,"column":19},"end":{"line":61,"column":5}}},"13":{"name":"(anonymous_13)","decl":{"start":{"line":63,"column":4},"end":{"line":63,"column":11}},"loc":{"start":{"line":63,"column":4},"end":{"line":65,"column":5}}}},"branchMap":{},"s":{"0":1,"1":1,"2":0,"3":1,"4":0,"5":1,"6":0,"7":1,"8":0,"9":1,"10":1,"11":1,"12":1,"13":1,"14":0,"15":1,"16":0,"17":1,"18":0,"19":1,"20":0,"21":0,"22":1,"23":0,"24":1,"25":0,"26":1,"27":1},"f":{"0":1,"1":1,"2":0,"3":0,"4":0,"5":0,"6":1,"7":1,"8":0,"9":0,"10":0,"11":0,"12":0,"13":0},"b":{}}
}
