TN:
SF:src\nullable.ts
FN:10,(anonymous_0)
FN:11,WithoutValue
FN:13,(anonymous_2)
FN:17,(anonymous_3)
FN:21,(anonymous_4)
FN:25,(anonymous_5)
FN:32,(anonymous_6)
FN:40,(anonymous_7)
FN:41,WithValue
FN:43,(anonymous_9)
FN:47,(anonymous_10)
FN:51,(anonymous_11)
FN:56,(anonymous_12)
FN:63,(anonymous_13)
FNF:14
FNH:4
FNDA:1,(anonymous_0)
FNDA:1,WithoutValue
FNDA:0,(anonymous_2)
FNDA:0,(anonymous_3)
FNDA:0,(anonymous_4)
FNDA:0,(anonymous_5)
FNDA:1,(anonymous_6)
FNDA:1,(anonymous_7)
FNDA:0,WithValue
FNDA:0,(anonymous_9)
FNDA:0,(anonymous_10)
FNDA:0,(anonymous_11)
FNDA:0,(anonymous_12)
FNDA:0,(anonymous_13)
DA:10,1
DA:13,1
DA:14,0
DA:17,1
DA:18,0
DA:21,1
DA:22,0
DA:25,1
DA:29,0
DA:32,1
DA:33,1
DA:35,1
DA:40,1
DA:41,0
DA:43,1
DA:44,0
DA:47,1
DA:48,0
DA:51,1
DA:52,0
DA:53,0
DA:56,1
DA:60,0
DA:63,1
DA:64,0
DA:66,1
LF:26
LH:15
BRF:0
BRH:0
end_of_record
